<?xml version="1.0" encoding="UTF-8"?>
<!-- Generated by org.testng.reporters.JUnitXMLReporter -->
<testsuite ignored="0" hostname="INLEN8520057570" failures="1" tests="2" name="Error Validation Tests" time="25.22" errors="0" timestamp="2024-06-04T19:54:38 IST">
  <testcase classname="selenium.pageobjectmodel.Tests.ErrorValidation" name="LoginErrorValidation" time="0.424">
    <failure type="java.lang.AssertionError" message="expected [Incorrect email or password.] but found [Incorrect email password.]">
      <![CDATA[java.lang.AssertionError: expected [Incorrect email or password.] but found [Incorrect email password.]
at selenium.pageobjectmodel.Tests.ErrorValidation.LoginErrorValidation(ErrorValidation.java:29)
at java.base/java.util.ArrayList.forEach(ArrayList.java:1511)
at java.base/java.util.concurrent.FutureTask.run(FutureTask.java:264)
at java.base/java.util.concurrent.ThreadPoolExecutor.runWorker(ThreadPoolExecutor.java:1136)
at java.base/java.util.concurrent.ThreadPoolExecutor$Worker.run(ThreadPoolExecutor.java:635)
at java.base/java.lang.Thread.run(Thread.java:840)
... Removed 23 stack frames]]>
    </failure>
  </testcase> <!-- LoginErrorValidation -->
  <testcase classname="selenium.pageobjectmodel.Tests.ErrorValidation" name="ProductErrorValidation" time="13.622"/>
</testsuite> <!-- Error Validation Tests -->
